<?xml version="1.0" encoding="UTF-8"?>
<!-- Generated by org.testng.reporters.JUnitReportReporter -->
<testsuite hostname="LAPTOP-5O3BHJ12" failures="0" tests="7" name="Runner.Runner$runner" time="18.079" errors="0" timestamp="2022-11-05T10:09:37 IST" skipped="0">
  <testcase classname="Runner.Runner$runner" name="runScenario" time="4.969"/>
  <system-out/>
  <testcase classname="Runner.Runner$runner" name="runScenario" time="0.248"/>
  <system-out/>
  <testcase classname="Runner.Runner$runner" name="runScenario" time="0.343"/>
  <system-out/>
  <testcase classname="Runner.Runner$runner" name="runScenario" time="0.120"/>
  <system-out/>
  <testcase classname="Runner.Runner$runner" name="runScenario" time="6.005"/>
  <system-out/>
  <testcase classname="Runner.Runner$runner" name="runScenario" time="6.244"/>
  <system-out/>
  <testcase classname="Runner.Runner$runner" name="runScenario" time="0.150"/>
  <system-out/>
</testsuite> <!-- Runner.Runner$runner -->
