<?xml version="1.0" encoding="UTF-8"?>
<!-- Generated by org.testng.reporters.JUnitReportReporter -->
<testsuite hostname="LAPTOP-5O3BHJ12" failures="0" tests="3" name="Runner.PostRunner$Runner" time="9.719" errors="0" timestamp="2022-11-02T16:29:09 IST" skipped="0">
  <testcase classname="Runner.PostRunner$Runner" name="runScenario" time="4.440"/>
  <system-out/>
  <testcase classname="Runner.PostRunner$Runner" name="runScenario" time="3.348"/>
  <system-out/>
  <testcase classname="Runner.PostRunner$Runner" name="runScenario" time="1.931"/>
  <system-out/>
</testsuite> <!-- Runner.PostRunner$Runner -->
